<?xml version="1.0" encoding="UTF-8"?>
<!-- Generated by org.testng.reporters.JUnitReportReporter -->
<testsuite hostname="LAPTOP-F8VFH2TR" name="rovers.tests.RoverPositionAndFacingTest" tests="1" failures="0" timestamp="30 Jul 2023 05:58:46 GMT" time="0.031" errors="0">
  <testcase name="roverPositionAndFacing" time="0.031" classname="rovers.tests.RoverPositionAndFacingTest"/>
</testsuite> <!-- rovers.tests.RoverPositionAndFacingTest -->
