<?xml version="1.0" encoding="UTF-8"?>
<!-- Generated by org.testng.reporters.JUnitReportReporter -->
<testsuite hostname="LAPTOP-F8VFH2TR" name="rovers.tests.AppTest" tests="1" failures="0" timestamp="30 Jul 2023 06:00:08 GMT" time="0.018" errors="0">
  <testcase name="mainTest" time="0.018" classname="rovers.tests.AppTest"/>
</testsuite> <!-- rovers.tests.AppTest -->
