<?xml version="1.0" encoding="UTF-8"?>
<!-- Generated by org.testng.reporters.JUnitReportReporter -->
<testsuite hostname="LAPTOP-F8VFH2TR" name="rovers.tests.RoverScenarioTest" tests="1" failures="0" timestamp="30 Jul 2023 06:54:30 GMT" time="0.011" errors="0">
  <testcase name="roverMovement" time="0.011" classname="rovers.tests.RoverScenarioTest"/>
</testsuite> <!-- rovers.tests.RoverScenarioTest -->
