<?xml version="1.0" encoding="UTF-8"?>
<!-- Generated by org.testng.reporters.JUnitReportReporter -->
<testsuite hostname="LAPTOP-F8VFH2TR" name="rovers.tests.RoverMovementTest" tests="1" failures="0" timestamp="30 Jul 2023 05:58:26 GMT" time="0.026" errors="0">
  <testcase name="roverMovement" time="0.026" classname="rovers.tests.RoverMovementTest"/>
</testsuite> <!-- rovers.tests.RoverMovementTest -->
